<?xml version="1.0" encoding="UTF-8"?>
<!-- Generated by org.testng.reporters.JUnitReportReporter -->
<testsuite hostname="Charan" failures="0" tests="2" name="crossBrowserParallel.Test1" time="4.214" errors="0" timestamp="2024-11-08T12:11:58 IST" skipped="0">
  <testcase classname="crossBrowserParallel.Test1" name="googleTest" time="1.841"/>
  <system-out/>
  <testcase classname="crossBrowserParallel.Test1" name="googleTest" time="2.373"/>
  <system-out/>
</testsuite> <!-- crossBrowserParallel.Test1 -->
