<?xml version="1.0" encoding="UTF-8"?>
<!-- Generated by org.testng.reporters.JUnitReportReporter -->
<testsuite hostname="Charan" failures="0" tests="4" name="testng.DataproviderTest" time="27.645" errors="0" timestamp="2024-11-08T12:54:28 IST" skipped="0">
  <testcase classname="testng.DataproviderTest" name="LoginTest" time="5.545"/>
  <system-out/>
  <testcase classname="testng.DataproviderTest" name="LoginTest" time="10.393"/>
  <system-out/>
  <testcase classname="testng.DataproviderTest" name="LoginTest" time="6.409"/>
  <system-out/>
  <testcase classname="testng.DataproviderTest" name="LoginTest" time="5.298"/>
  <system-out/>
</testsuite> <!-- testng.DataproviderTest -->
