<?xml version="1.0" encoding="UTF-8"?>
<!-- Generated by org.testng.reporters.JUnitReportReporter -->
<testsuite hostname="Charan" failures="0" tests="2" name="distributedparallel.Test1" time="0.002" errors="0" timestamp="2024-11-09T12:24:35 IST" skipped="0">
  <testcase classname="distributedparallel.Test1" name="demo1" time="0.001"/>
  <system-out/>
  <testcase classname="distributedparallel.Test1" name="demo2" time="0.001"/>
  <system-out/>
</testsuite> <!-- distributedparallel.Test1 -->
