<?xml version="1.0" encoding="UTF-8"?>
<!-- Generated by org.testng.reporters.JUnitReportReporter -->
<testsuite hostname="Charan" failures="0" tests="1" name="Assertion.WhyNotIfElse" time="0.010" errors="0" timestamp="2024-11-08T12:08:40 IST" skipped="0">
  <testcase classname="Assertion.WhyNotIfElse" name="demo" time="0.010"/>
  <system-out/>
</testsuite> <!-- Assertion.WhyNotIfElse -->
