<?xml version="1.0" encoding="UTF-8"?>
<!-- Generated by org.testng.reporters.JUnitReportReporter -->
<testsuite hostname="Charan" failures="0" tests="2" name="crossBrowserParallel.Test2" time="7.674" errors="0" timestamp="2024-11-08T12:11:58 IST" skipped="0">
  <testcase classname="crossBrowserParallel.Test2" name="zomatoTest" time="3.871"/>
  <system-out/>
  <testcase classname="crossBrowserParallel.Test2" name="zomatoTest" time="3.803"/>
  <system-out/>
</testsuite> <!-- crossBrowserParallel.Test2 -->
