<?xml version="1.0" encoding="UTF-8"?>
<!-- Generated by org.testng.reporters.JUnitReportReporter -->
<testsuite hostname="Charan" failures="0" tests="2" name="listenerPractice.TestClass" time="0.009" errors="0" timestamp="2024-11-09T12:27:20 IST" skipped="0">
  <testcase classname="listenerPractice.TestClass" name="testMethod1" time="0.007"/>
  <system-out>
    <![CDATA[@Test1]]>
  </system-out>
  <testcase classname="listenerPractice.TestClass" name="testMethod2" time="0.002"/>
  <system-out>
    <![CDATA[@Test2]]>
  </system-out>
</testsuite> <!-- listenerPractice.TestClass -->
