<?xml version="1.0" encoding="UTF-8"?>
<!-- Generated by org.testng.reporters.JUnitReportReporter -->
<testsuite hostname="Charan" failures="0" tests="1" name="paralleltesting.Test2" time="4.730" errors="0" timestamp="2024-11-08T02:18:49 IST" skipped="0">
  <testcase classname="paralleltesting.Test2" name="edgeTest" time="4.730"/>
  <system-out/>
</testsuite> <!-- paralleltesting.Test2 -->
